==695== Memcheck, a memory error detector
==695== Copyright (C) 2002-2022, and GNU GPL'd, by Julian Seward et al.
==695== Using Valgrind-3.22.0 and LibVEX; rerun with -h for copyright info
==695== Command: ./testa_velha
==695== Parent PID: 694
==695== 
==695== valgrind: Unrecognised instruction at address 0x116d4b.
==695==    at 0x116D4B: VerificaLinha(int (*) [3]) (in /mnt/c/Users/dvbue/OneDrive/Ambiente de Trabalho/Trab1_MP_TDD_velha/TDD_velha/testa_velha)
==695==    by 0x116FBE: VerificaLinhaTest1_VencedorX_Test::TestBody() (in /mnt/c/Users/dvbue/OneDrive/Ambiente de Trabalho/Trab1_MP_TDD_velha/TDD_velha/testa_velha)
==695==    by 0x14FF0E: void testing::internal::HandleExceptionsInMethodIfSupported<testing::Test, void>(testing::Test*, void (testing::Test::*)(), char const*) (in /mnt/c/Users/dvbue/OneDrive/Ambiente de Trabalho/Trab1_MP_TDD_velha/TDD_velha/testa_velha)
==695==    by 0x1367C5: testing::Test::Run() (in /mnt/c/Users/dvbue/OneDrive/Ambiente de Trabalho/Trab1_MP_TDD_velha/TDD_velha/testa_velha)
==695==    by 0x136984: testing::TestInfo::Run() (in /mnt/c/Users/dvbue/OneDrive/Ambiente de Trabalho/Trab1_MP_TDD_velha/TDD_velha/testa_velha)
==695==    by 0x136B6E: testing::TestSuite::Run() (in /mnt/c/Users/dvbue/OneDrive/Ambiente de Trabalho/Trab1_MP_TDD_velha/TDD_velha/testa_velha)
==695==    by 0x1449DB: testing::internal::UnitTestImpl::RunAllTests() (in /mnt/c/Users/dvbue/OneDrive/Ambiente de Trabalho/Trab1_MP_TDD_velha/TDD_velha/testa_velha)
==695==    by 0x1505E6: bool testing::internal::HandleExceptionsInMethodIfSupported<testing::internal::UnitTestImpl, bool>(testing::internal::UnitTestImpl*, bool (testing::internal::UnitTestImpl::*)(), char const*) (in /mnt/c/Users/dvbue/OneDrive/Ambiente de Trabalho/Trab1_MP_TDD_velha/TDD_velha/testa_velha)
==695==    by 0x136D67: testing::UnitTest::Run() (in /mnt/c/Users/dvbue/OneDrive/Ambiente de Trabalho/Trab1_MP_TDD_velha/TDD_velha/testa_velha)
==695==    by 0x116A73: main (in /mnt/c/Users/dvbue/OneDrive/Ambiente de Trabalho/Trab1_MP_TDD_velha/TDD_velha/testa_velha)
==695== Your program just tried to execute an instruction that Valgrind
==695== did not recognise.  There are two possible reasons for this.
==695== 1. Your program has a bug and erroneously jumped to a non-code
==695==    location.  If you are running Memcheck and you just saw a
==695==    warning about a bad jump, it's probably your program's fault.
==695== 2. The instruction is legitimate but Valgrind doesn't handle it,
==695==    i.e. it's Valgrind's fault.  If you think this is the case or
==695==    you are not sure, please let us know and we'll try to fix it.
==695== Either way, Valgrind will now raise a SIGILL signal which will
==695== probably kill your program.
==695== 
==695== Process terminating with default action of signal 4 (SIGILL)
==695==  Illegal opcode at address 0x116D4B
==695==    at 0x116D4B: VerificaLinha(int (*) [3]) (in /mnt/c/Users/dvbue/OneDrive/Ambiente de Trabalho/Trab1_MP_TDD_velha/TDD_velha/testa_velha)
==695==    by 0x116FBE: VerificaLinhaTest1_VencedorX_Test::TestBody() (in /mnt/c/Users/dvbue/OneDrive/Ambiente de Trabalho/Trab1_MP_TDD_velha/TDD_velha/testa_velha)
==695==    by 0x14FF0E: void testing::internal::HandleExceptionsInMethodIfSupported<testing::Test, void>(testing::Test*, void (testing::Test::*)(), char const*) (in /mnt/c/Users/dvbue/OneDrive/Ambiente de Trabalho/Trab1_MP_TDD_velha/TDD_velha/testa_velha)
==695==    by 0x1367C5: testing::Test::Run() (in /mnt/c/Users/dvbue/OneDrive/Ambiente de Trabalho/Trab1_MP_TDD_velha/TDD_velha/testa_velha)
==695==    by 0x136984: testing::TestInfo::Run() (in /mnt/c/Users/dvbue/OneDrive/Ambiente de Trabalho/Trab1_MP_TDD_velha/TDD_velha/testa_velha)
==695==    by 0x136B6E: testing::TestSuite::Run() (in /mnt/c/Users/dvbue/OneDrive/Ambiente de Trabalho/Trab1_MP_TDD_velha/TDD_velha/testa_velha)
==695==    by 0x1449DB: testing::internal::UnitTestImpl::RunAllTests() (in /mnt/c/Users/dvbue/OneDrive/Ambiente de Trabalho/Trab1_MP_TDD_velha/TDD_velha/testa_velha)
==695==    by 0x1505E6: bool testing::internal::HandleExceptionsInMethodIfSupported<testing::internal::UnitTestImpl, bool>(testing::internal::UnitTestImpl*, bool (testing::internal::UnitTestImpl::*)(), char const*) (in /mnt/c/Users/dvbue/OneDrive/Ambiente de Trabalho/Trab1_MP_TDD_velha/TDD_velha/testa_velha)
==695==    by 0x136D67: testing::UnitTest::Run() (in /mnt/c/Users/dvbue/OneDrive/Ambiente de Trabalho/Trab1_MP_TDD_velha/TDD_velha/testa_velha)
==695==    by 0x116A73: main (in /mnt/c/Users/dvbue/OneDrive/Ambiente de Trabalho/Trab1_MP_TDD_velha/TDD_velha/testa_velha)
==695== 
==695== HEAP SUMMARY:
==695==     in use at exit: 78,245 bytes in 43 blocks
==695==   total heap usage: 247 allocs, 204 frees, 115,900 bytes allocated
==695== 
==695== LEAK SUMMARY:
==695==    definitely lost: 0 bytes in 0 blocks
==695==    indirectly lost: 0 bytes in 0 blocks
==695==      possibly lost: 0 bytes in 0 blocks
==695==    still reachable: 78,245 bytes in 43 blocks
==695==         suppressed: 0 bytes in 0 blocks
==695== Reachable blocks (those to which a pointer was found) are not shown.
==695== To see them, rerun with: --leak-check=full --show-leak-kinds=all
==695== 
==695== For lists of detected and suppressed errors, rerun with: -s
==695== ERROR SUMMARY: 0 errors from 0 contexts (suppressed: 0 from 0)
